0 info it worked if it ends with ok
1 verbose cli [ '/usr/bin/nodejs', '/usr/sbin/npm', 'run', 'hot' ]
2 info using npm@1.4.21
3 info using node@v0.10.25
4 verbose run-script [ 'prehot', 'hot', 'posthot' ]
5 info prehot Spot_Node@0.0.1
6 info hot Spot_Node@0.0.1
7 verbose unsafe-perm in lifecycle true
8 info Spot_Node@0.0.1 Failed to exec hot script
9 error Spot_Node@0.0.1 hot: `cd ./client && gulp build && node webpack.hot.js`
9 error Exit status 127
10 error Failed at the Spot_Node@0.0.1 hot script.
10 error This is most likely a problem with the Spot_Node package,
10 error not with npm itself.
10 error Tell the author that this fails on your system:
10 error     cd ./client && gulp build && node webpack.hot.js
10 error You can get their info via:
10 error     npm owner ls Spot_Node
10 error There is likely additional logging output above.
11 error System Linux 4.2.0-16-generic
12 error command "/usr/bin/nodejs" "/usr/sbin/npm" "run" "hot"
13 error cwd /home/kooder/Documents/Spot_Node
14 error node -v v0.10.25
15 error npm -v 1.4.21
16 error code ELIFECYCLE
17 verbose exit [ 1, true ]
